Copyright 1986-2022 Xilinx, Inc. All Rights Reserved. Copyright 2022-2025 Advanced Micro Devices, Inc. All Rights Reserved.
---------------------------------------------------------------------------------------------------------------------------------------------
| Tool Version : Vivado v.2025.2 (win64) Build 6299465 Fri Nov 14 19:35:11 GMT 2025
| Date         : Thu Feb 26 09:19:15 2026
| Host         : wesh running 64-bit major release  (build 9200)
| Command      : report_control_sets -verbose -file top_control_sets_placed.rpt
| Design       : top
| Device       : xc7z020
---------------------------------------------------------------------------------------------------------------------------------------------

Control Set Information

Table of Contents
-----------------
1. Summary
2. Histogram
3. Flip-Flop Distribution
4. Detailed Control Set Information

1. Summary
----------

+----------------------------------------------------------+-------+
|                          Status                          | Count |
+----------------------------------------------------------+-------+
| Total control sets                                       |    44 |
|    Minimum number of control sets                        |    44 |
|    Addition due to synthesis replication                 |     0 |
|    Addition due to physical synthesis replication        |     0 |
| Unused register locations in slices containing registers |    96 |
+----------------------------------------------------------+-------+
* Control sets can be merged at opt_design using control_set_merge or merge_equivalent_drivers
** Run report_qor_suggestions for automated merging and remapping suggestions


2. Histogram
------------

+--------------------+-------+
|       Fanout       | Count |
+--------------------+-------+
| Total control sets |    44 |
| >= 0 to < 4        |     3 |
| >= 4 to < 6        |     9 |
| >= 6 to < 8        |     2 |
| >= 8 to < 10       |     2 |
| >= 10 to < 12      |     1 |
| >= 12 to < 14      |     5 |
| >= 14 to < 16      |     2 |
| >= 16              |    20 |
+--------------------+-------+
* Control sets can be remapped at either synth_design or opt_design


3. Flip-Flop Distribution
-------------------------

+--------------+-----------------------+------------------------+-----------------+--------------+
| Clock Enable | Synchronous Set/Reset | Asynchronous Set/Reset | Total Registers | Total Slices |
+--------------+-----------------------+------------------------+-----------------+--------------+
| No           | No                    | No                     |             277 |           76 |
| No           | No                    | Yes                    |              11 |            7 |
| No           | Yes                   | No                     |             137 |           37 |
| Yes          | No                    | No                     |             378 |           91 |
| Yes          | No                    | Yes                    |              72 |           20 |
| Yes          | Yes                   | No                     |             133 |           34 |
+--------------+-----------------------+------------------------+-----------------+--------------+


4. Detailed Control Set Information
-----------------------------------

+--------------------------------------------------+-----------------------------------------------------------------------------------------------------------------------------------------------------------------+--------------------------------------------------------------------------------------------------------------------------------------------------------+------------------+----------------+--------------+
|                   Clock Signal                   |                                                                          Enable Signal                                                                          |                                                                    Set/Reset Signal                                                                    | Slice Load Count | Bel Load Count | Bels / Slice |
+--------------------------------------------------+-----------------------------------------------------------------------------------------------------------------------------------------------------------------+--------------------------------------------------------------------------------------------------------------------------------------------------------+------------------+----------------+--------------+
|  zynq/zynq_i/processing_system7_0/inst/FCLK_CLK0 | zynq/zynq_i/ps7_0_axi_periph/s00_couplers/auto_pc/inst/gen_axilite.gen_b2s_conv.axilite_b2s/WR.aw_channel_0/aw_cmd_fsm_0/FSM_sequential_state_reg[0]_1          | zynq/zynq_i/ps7_0_axi_periph/s00_couplers/auto_pc/inst/gen_axilite.gen_b2s_conv.axilite_b2s/WR.aw_channel_0/aw_cmd_fsm_0/FSM_sequential_state_reg[0]_0 |                1 |              1 |         1.00 |
|  zynq/zynq_i/processing_system7_0/inst/FCLK_CLK0 | zynq/zynq_i/ps7_0_axi_periph/s00_couplers/auto_pc/inst/gen_axilite.gen_b2s_conv.axilite_b2s/WR.b_channel_0/bid_fifo_0/sel                                       |                                                                                                                                                        |                1 |              2 |         2.00 |
|  zynq/zynq_i/processing_system7_0/inst/FCLK_CLK0 |                                                                                                                                                                 | btn0db/AR[0]                                                                                                                                           |                2 |              3 |         1.50 |
|  zynq/zynq_i/processing_system7_0/inst/FCLK_CLK0 |                                                                                                                                                                 | zynq/zynq_i/ps7_0_axi_periph/s00_couplers/auto_pc/inst/gen_axilite.gen_b2s_conv.axilite_b2s/SI_REG/aw.aw_pipe/aresetn_d_reg[1]_inv_0                   |                1 |              4 |         4.00 |
|  zynq/zynq_i/processing_system7_0/inst/FCLK_CLK0 |                                                                                                                                                                 | zynq/zynq_i/ps7_0_axi_periph/s00_couplers/auto_pc/inst/gen_axilite.gen_b2s_conv.axilite_b2s/SI_REG/aw.aw_pipe/aresetn_d_reg[0]_0                       |                1 |              4 |         4.00 |
|  zynq/zynq_i/processing_system7_0/inst/FCLK_CLK0 |                                                                                                                                                                 | zynq/zynq_i/proc_sys_reset_0/U0/EXT_LPF/lpf_int                                                                                                        |                3 |              4 |         1.33 |
|  zynq/zynq_i/processing_system7_0/inst/FCLK_CLK0 |                                                                                                                                                                 | zynq/zynq_i/axi_gpio_0/U0/AXI_LITE_IPIF_I/I_SLAVE_ATTACHMENT/clear                                                                                     |                1 |              4 |         4.00 |
|  zynq/zynq_i/processing_system7_0/inst/FCLK_CLK0 | zynq/zynq_i/ps7_0_axi_periph/s00_couplers/auto_pc/inst/gen_axilite.gen_b2s_conv.axilite_b2s/RD.ar_channel_0/ar_cmd_fsm_0/m_axi_arready_2                        | zynq/zynq_i/ps7_0_axi_periph/s00_couplers/auto_pc/inst/gen_axilite.gen_b2s_conv.axilite_b2s/RD.ar_channel_0/ar_cmd_fsm_0/FSM_sequential_state_reg[1]_0 |                2 |              4 |         2.00 |
|  zynq/zynq_i/processing_system7_0/inst/FCLK_CLK0 | zynq/zynq_i/axi_gpio_0/U0/AXI_LITE_IPIF_I/I_SLAVE_ATTACHMENT/start2                                                                                             | zynq/zynq_i/axi_gpio_0/U0/AXI_LITE_IPIF_I/I_SLAVE_ATTACHMENT/I_DECODER/cs_ce_clr                                                                       |                1 |              4 |         4.00 |
|  zynq/zynq_i/processing_system7_0/inst/FCLK_CLK0 | zynq/zynq_i/axi_gpio_0/U0/AXI_LITE_IPIF_I/I_SLAVE_ATTACHMENT/bus2ip_addr_i[8]_i_1_n_0                                                                           | zynq/zynq_i/axi_gpio_0/U0/AXI_LITE_IPIF_I/I_SLAVE_ATTACHMENT/SR[0]                                                                                     |                1 |              4 |         4.00 |
|  zynq/zynq_i/processing_system7_0/inst/FCLK_CLK0 | zynq/zynq_i/ps7_0_axi_periph/s00_couplers/auto_pc/inst/gen_axilite.gen_b2s_conv.axilite_b2s/RD.r_channel_0/rd_data_fifo_0/cnt_read[4]_i_1__0_n_0                | zynq/zynq_i/ps7_0_axi_periph/s00_couplers/auto_pc/inst/gen_axilite.gen_b2s_conv.axilite_b2s/areset_d1                                                  |                1 |              5 |         5.00 |
|  zynq/zynq_i/processing_system7_0/inst/FCLK_CLK0 | zynq/zynq_i/ps7_0_axi_periph/s00_couplers/auto_pc/inst/gen_axilite.gen_b2s_conv.axilite_b2s/RD.r_channel_0/transaction_fifo_0/cnt_read[4]_i_1_n_0               | zynq/zynq_i/ps7_0_axi_periph/s00_couplers/auto_pc/inst/gen_axilite.gen_b2s_conv.axilite_b2s/areset_d1                                                  |                2 |              5 |         2.50 |
|  zynq/zynq_i/processing_system7_0/inst/FCLK_CLK0 | zynq/zynq_i/proc_sys_reset_0/U0/SEQ/seq_cnt_en                                                                                                                  | zynq/zynq_i/proc_sys_reset_0/U0/SEQ/SEQ_COUNTER/clear                                                                                                  |                1 |              6 |         6.00 |
|  zynq/zynq_i/processing_system7_0/inst/FCLK_CLK0 | por_inst/sel                                                                                                                                                    |                                                                                                                                                        |                2 |              7 |         3.50 |
|  zynq/zynq_i/processing_system7_0/inst/FCLK_CLK0 |                                                                                                                                                                 | por_inst/rst                                                                                                                                           |                5 |              8 |         1.60 |
|  zynq/zynq_i/processing_system7_0/inst/FCLK_CLK0 | zynq/zynq_i/ps7_0_axi_periph/s00_couplers/auto_pc/inst/gen_axilite.gen_b2s_conv.axilite_b2s/WR.b_channel_0/mhandshake_r                                         | zynq/zynq_i/ps7_0_axi_periph/s00_couplers/auto_pc/inst/gen_axilite.gen_b2s_conv.axilite_b2s/WR.b_channel_0/bid_fifo_0/SR[0]                            |                3 |              8 |         2.67 |
|  zynq/zynq_i/processing_system7_0/inst/FCLK_CLK0 |                                                                                                                                                                 | zynq/zynq_i/ps7_0_axi_periph/s00_couplers/auto_pc/inst/gen_axilite.gen_b2s_conv.axilite_b2s/areset_d1                                                  |                4 |             10 |         2.50 |
|  zynq/zynq_i/processing_system7_0/inst/FCLK_CLK0 | zynq/zynq_i/ps7_0_axi_periph/s00_couplers/auto_pc/inst/gen_axilite.gen_b2s_conv.axilite_b2s/WR.aw_channel_0/aw_cmd_fsm_0/m_valid_i_reg[0]                       |                                                                                                                                                        |                5 |             12 |         2.40 |
|  zynq/zynq_i/processing_system7_0/inst/FCLK_CLK0 | zynq/zynq_i/ps7_0_axi_periph/s00_couplers/auto_pc/inst/gen_axilite.gen_b2s_conv.axilite_b2s/WR.aw_channel_0/cmd_translator_0/incr_cmd_0/axaddr_incr[11]_i_1_n_0 |                                                                                                                                                        |                2 |             12 |         6.00 |
|  zynq/zynq_i/processing_system7_0/inst/FCLK_CLK0 | zynq/zynq_i/ps7_0_axi_periph/s00_couplers/auto_pc/inst/gen_axilite.gen_b2s_conv.axilite_b2s/RD.ar_channel_0/ar_cmd_fsm_0/E[0]                                   |                                                                                                                                                        |                7 |             12 |         1.71 |
|  zynq/zynq_i/processing_system7_0/inst/FCLK_CLK0 | zynq/zynq_i/ps7_0_axi_periph/s00_couplers/auto_pc/inst/gen_axilite.gen_b2s_conv.axilite_b2s/RD.ar_channel_0/ar_cmd_fsm_0/sel_first_reg[0]                       |                                                                                                                                                        |                3 |             12 |         4.00 |
|  zynq/zynq_i/processing_system7_0/inst/FCLK_CLK0 | zynq/zynq_i/ps7_0_axi_periph/s00_couplers/auto_pc/inst/gen_axilite.gen_b2s_conv.axilite_b2s/RD.r_channel_0/r_push_r                                             |                                                                                                                                                        |                4 |             13 |         3.25 |
|  zynq/zynq_i/processing_system7_0/inst/FCLK_CLK0 | zynq/zynq_i/ps7_0_axi_periph/s00_couplers/auto_pc/inst/gen_axilite.gen_b2s_conv.axilite_b2s/SI_REG/b.b_pipe/s_ready_i_reg_0                                     |                                                                                                                                                        |                2 |             14 |         7.00 |
|  zynq/zynq_i/processing_system7_0/inst/FCLK_CLK0 | zynq/zynq_i/ps7_0_axi_periph/s00_couplers/auto_pc/inst/gen_axilite.gen_b2s_conv.axilite_b2s/SI_REG/b.b_pipe/p_1_in                                              |                                                                                                                                                        |                2 |             14 |         7.00 |
|  zynq/zynq_i/processing_system7_0/inst/FCLK_CLK0 | zynq/zynq_i/ps7_0_axi_periph/s00_couplers/auto_pc/inst/gen_axilite.gen_b2s_conv.axilite_b2s/WR.aw_channel_0/aw_cmd_fsm_0/m_axi_awready_0                        |                                                                                                                                                        |                3 |             16 |         5.33 |
|  zynq/zynq_i/processing_system7_0/inst/FCLK_CLK0 | zynq/zynq_i/ps7_0_axi_periph/s00_couplers/auto_pc/inst/gen_axilite.gen_b2s_conv.axilite_b2s/RD.ar_channel_0/ar_cmd_fsm_0/m_axi_arready_2                        |                                                                                                                                                        |                9 |             21 |         2.33 |
|  zynq/zynq_i/processing_system7_0/inst/FCLK_CLK0 | btn1db/compteur_debounce[0]_i_1__0_n_0                                                                                                                          | por_inst/rst                                                                                                                                           |                6 |             22 |         3.67 |
|  zynq/zynq_i/processing_system7_0/inst/FCLK_CLK0 | btn0db/compteur_debounce[0]_i_1_n_0                                                                                                                             | por_inst/rst                                                                                                                                           |                6 |             22 |         3.67 |
|  zynq/zynq_i/processing_system7_0/inst/FCLK_CLK0 | zynq/zynq_i/ps7_0_axi_periph/s00_couplers/auto_pc/inst/gen_axilite.gen_b2s_conv.axilite_b2s/WR.aw_channel_0/aw_cmd_fsm_0/FSM_sequential_state_reg[0]_1          |                                                                                                                                                        |                8 |             24 |         3.00 |
|  zynq/zynq_i/processing_system7_0/inst/FCLK_CLK0 | feu_inst/compteur_jaune[27]_i_1_n_0                                                                                                                             | btn0db/AR[0]                                                                                                                                           |                8 |             28 |         3.50 |
|  zynq/zynq_i/processing_system7_0/inst/FCLK_CLK0 | zynq/zynq_i/ps7_0_axi_periph/s00_couplers/auto_pc/inst/gen_axilite.gen_b2s_conv.axilite_b2s/SI_REG/aw.aw_pipe/s_ready_i_reg_0                                   |                                                                                                                                                        |                6 |             32 |         5.33 |
|  zynq/zynq_i/processing_system7_0/inst/FCLK_CLK0 | zynq/zynq_i/ps7_0_axi_periph/s00_couplers/auto_pc/inst/gen_axilite.gen_b2s_conv.axilite_b2s/WR.aw_channel_0/aw_cmd_fsm_0/E[0]                                   |                                                                                                                                                        |                6 |             32 |         5.33 |
|  zynq/zynq_i/processing_system7_0/inst/FCLK_CLK0 | zynq/zynq_i/ps7_0_axi_periph/s00_couplers/auto_pc/inst/gen_axilite.gen_b2s_conv.axilite_b2s/RD.r_channel_0/rd_data_fifo_0/wr_en0                                |                                                                                                                                                        |                9 |             32 |         3.56 |
|  zynq/zynq_i/processing_system7_0/inst/FCLK_CLK0 | zynq/zynq_i/ps7_0_axi_periph/s00_couplers/auto_pc/inst/gen_axilite.gen_b2s_conv.axilite_b2s/RD.ar_channel_0/ar_cmd_fsm_0/m_valid_i_reg[0]                       |                                                                                                                                                        |                5 |             32 |         6.40 |
|  zynq/zynq_i/processing_system7_0/inst/FCLK_CLK0 | zynq/zynq_i/ps7_0_axi_periph/s00_couplers/auto_pc/inst/gen_axilite.gen_b2s_conv.axilite_b2s/SI_REG/ar.ar_pipe/s_ready_i_reg_0                                   |                                                                                                                                                        |                7 |             32 |         4.57 |
|  zynq/zynq_i/processing_system7_0/inst/FCLK_CLK0 | feu_inst/cptCligno0                                                                                                                                             |                                                                                                                                                        |                8 |             32 |         4.00 |
|  zynq/zynq_i/processing_system7_0/inst/FCLK_CLK0 | zynq/zynq_i/axi_gpio_0/U0/AXI_LITE_IPIF_I/I_SLAVE_ATTACHMENT/s_axi_rresp_i[0]                                                                                   | zynq/zynq_i/axi_gpio_0/U0/AXI_LITE_IPIF_I/I_SLAVE_ATTACHMENT/SR[0]                                                                                     |                7 |             32 |         4.57 |
|  zynq/zynq_i/processing_system7_0/inst/FCLK_CLK0 | zynq/zynq_i/axi_gpio_0/U0/AXI_LITE_IPIF_I/I_SLAVE_ATTACHMENT/I_DECODER/E[0]                                                                                     | zynq/zynq_i/axi_gpio_0/U0/AXI_LITE_IPIF_I/I_SLAVE_ATTACHMENT/SR[0]                                                                                     |                6 |             32 |         5.33 |
|  zynq/zynq_i/processing_system7_0/inst/FCLK_CLK0 | zynq/zynq_i/axi_gpio_0/U0/AXI_LITE_IPIF_I/I_SLAVE_ATTACHMENT/I_DECODER/bus2ip_rnw_i_reg[0]                                                                      | zynq/zynq_i/axi_gpio_0/U0/AXI_LITE_IPIF_I/I_SLAVE_ATTACHMENT/SR[0]                                                                                     |                9 |             32 |         3.56 |
|  zynq/zynq_i/processing_system7_0/inst/FCLK_CLK0 | zynq/zynq_i/ps7_0_axi_periph/s00_couplers/auto_pc/inst/gen_axilite.gen_b2s_conv.axilite_b2s/SI_REG/r.r_pipe/s_ready_i_reg_0                                     |                                                                                                                                                        |               10 |             45 |         4.50 |
|  zynq/zynq_i/processing_system7_0/inst/FCLK_CLK0 | zynq/zynq_i/ps7_0_axi_periph/s00_couplers/auto_pc/inst/gen_axilite.gen_b2s_conv.axilite_b2s/SI_REG/r.r_pipe/p_1_in                                              |                                                                                                                                                        |                9 |             45 |         5.00 |
|  zynq/zynq_i/processing_system7_0/inst/FCLK_CLK0 |                                                                                                                                                                 | zynq/zynq_i/axi_gpio_0/U0/AXI_LITE_IPIF_I/I_SLAVE_ATTACHMENT/SR[0]                                                                                     |               15 |             47 |         3.13 |
|  zynq/zynq_i/processing_system7_0/inst/FCLK_CLK0 |                                                                                                                                                                 | zynq/zynq_i/axi_gpio_0/U0/AXI_LITE_IPIF_I/I_SLAVE_ATTACHMENT/I_DECODER/bus2ip_rnw_i_reg_0                                                              |               12 |             64 |         5.33 |
|  zynq/zynq_i/processing_system7_0/inst/FCLK_CLK0 |                                                                                                                                                                 |                                                                                                                                                        |               77 |            278 |         3.61 |
+--------------------------------------------------+-----------------------------------------------------------------------------------------------------------------------------------------------------------------+--------------------------------------------------------------------------------------------------------------------------------------------------------+------------------+----------------+--------------+


